2026-04-29 17:31:55,194 | INFO | ================================================================================
2026-04-29 17:31:55,194 | INFO | PRODUCTION MARKET DATA PIPELINE STARTED
2026-04-29 17:31:55,194 | INFO | Run timestamp UTC: 2026-04-29T15:31:55.194959+00:00
2026-04-29 17:31:55,194 | INFO | ================================================================================
2026-04-29 17:31:55,194 | INFO | START: API Ingestion
2026-04-29 17:31:57,035 | INFO | SUCCESS: API Ingestion
2026-04-29 17:31:57,035 | INFO | START: Data Transformation
2026-04-29 17:31:58,015 | INFO | SUCCESS: Data Transformation
2026-04-29 17:31:58,016 | INFO | START: Warehouse Load
2026-04-29 17:31:59,043 | INFO | SUCCESS: Warehouse Load
2026-04-29 17:31:59,043 | INFO | START: Data Quality Validation
2026-04-29 17:31:59,285 | INFO | SUCCESS: Data Quality Validation
2026-04-29 17:31:59,285 | INFO | START: Analytics Generation
2026-04-29 17:32:00,083 | INFO | SUCCESS: Analytics Generation
2026-04-29 17:32:00,083 | INFO | ================================================================================
2026-04-29 17:32:00,083 | INFO | PIPELINE COMPLETED SUCCESSFULLY
2026-04-29 17:32:00,083 | INFO | ================================================================================
2026-04-29 17:36:53,495 | INFO | ================================================================================
2026-04-29 17:36:53,495 | INFO | PRODUCTION MARKET DATA PIPELINE STARTED
2026-04-29 17:36:53,495 | INFO | Run timestamp UTC: 2026-04-29T15:36:53.495312+00:00
2026-04-29 17:36:53,495 | INFO | ================================================================================
2026-04-29 17:36:53,495 | INFO | START: API Ingestion
2026-04-29 17:36:55,400 | INFO | SUCCESS: API Ingestion
2026-04-29 17:36:55,400 | INFO | START: Data Transformation
2026-04-29 17:36:56,450 | INFO | SUCCESS: Data Transformation
2026-04-29 17:36:56,450 | INFO | START: Warehouse Load
2026-04-29 17:36:57,211 | INFO | SUCCESS: Warehouse Load
2026-04-29 17:36:57,228 | INFO | START: Data Quality Validation
2026-04-29 17:36:57,445 | INFO | SUCCESS: Data Quality Validation
2026-04-29 17:36:57,445 | INFO | START: Analytics Generation
2026-04-29 17:36:58,251 | INFO | SUCCESS: Analytics Generation
2026-04-29 17:36:58,251 | INFO | ================================================================================
2026-04-29 17:36:58,251 | INFO | PIPELINE COMPLETED SUCCESSFULLY
2026-04-29 17:36:58,251 | INFO | ================================================================================
2026-05-01 17:31:05,898 | INFO | ================================================================================
2026-05-01 17:31:05,898 | INFO | PRODUCTION MARKET DATA PIPELINE STARTED
2026-05-01 17:31:05,898 | INFO | Run timestamp UTC: 2026-05-01T15:31:05.898076+00:00
2026-05-01 17:31:05,898 | INFO | ================================================================================
2026-05-01 17:31:05,898 | INFO | START: API Ingestion
2026-05-01 17:31:12,414 | INFO | SUCCESS: API Ingestion
2026-05-01 17:31:12,414 | INFO | START: Data Transformation
2026-05-01 17:31:13,540 | INFO | SUCCESS: Data Transformation
2026-05-01 17:31:13,540 | INFO | START: Warehouse Load
2026-05-01 17:31:14,785 | INFO | SUCCESS: Warehouse Load
2026-05-01 17:31:14,785 | INFO | START: Data Quality Validation
2026-05-01 17:31:15,103 | INFO | SUCCESS: Data Quality Validation
2026-05-01 17:31:15,103 | INFO | START: Analytics Generation
2026-05-01 17:31:15,995 | INFO | SUCCESS: Analytics Generation
2026-05-01 17:31:15,995 | INFO | ================================================================================
2026-05-01 17:31:15,996 | INFO | PIPELINE COMPLETED SUCCESSFULLY
2026-05-01 17:31:15,996 | INFO | ================================================================================
2026-05-01 16:31:37,336 | INFO | ================================================================================
2026-05-01 16:31:37,337 | INFO | PRODUCTION MARKET DATA PIPELINE STARTED
2026-05-01 16:31:37,338 | INFO | Run timestamp UTC: 2026-05-01T16:31:37.338339+00:00
2026-05-01 16:31:37,339 | INFO | ================================================================================
2026-05-01 16:31:37,340 | INFO | START: API Ingestion
2026-05-01 16:31:38,809 | INFO | SUCCESS: API Ingestion
2026-05-01 16:31:38,810 | INFO | START: Data Transformation
2026-05-01 16:31:39,379 | INFO | SUCCESS: Data Transformation
2026-05-01 16:31:39,380 | INFO | START: Warehouse Load
2026-05-01 16:31:40,133 | INFO | SUCCESS: Warehouse Load
2026-05-01 16:31:40,134 | INFO | START: Data Quality Validation
2026-05-01 16:31:40,341 | INFO | SUCCESS: Data Quality Validation
2026-05-01 16:31:40,342 | INFO | START: Analytics Generation
2026-05-01 16:31:40,918 | INFO | SUCCESS: Analytics Generation
2026-05-01 16:31:40,918 | INFO | ================================================================================
2026-05-01 16:31:40,919 | INFO | PIPELINE COMPLETED SUCCESSFULLY
2026-05-01 16:31:40,919 | INFO | ================================================================================
2026-05-01 16:32:58,186 | INFO | ================================================================================
2026-05-01 16:32:58,188 | INFO | PRODUCTION MARKET DATA PIPELINE STARTED
2026-05-01 16:32:58,188 | INFO | Run timestamp UTC: 2026-05-01T16:32:58.188732+00:00
2026-05-01 16:32:58,189 | INFO | ================================================================================
2026-05-01 16:32:58,190 | INFO | START: API Ingestion
2026-05-01 16:32:59,724 | INFO | SUCCESS: API Ingestion
2026-05-01 16:32:59,724 | INFO | START: Data Transformation
2026-05-01 16:33:00,301 | INFO | SUCCESS: Data Transformation
2026-05-01 16:33:00,302 | INFO | START: Warehouse Load
2026-05-01 16:33:00,987 | INFO | SUCCESS: Warehouse Load
2026-05-01 16:33:00,988 | INFO | START: Data Quality Validation
2026-05-01 16:33:01,119 | INFO | SUCCESS: Data Quality Validation
2026-05-01 16:33:01,119 | INFO | START: Analytics Generation
2026-05-01 16:33:01,814 | INFO | SUCCESS: Analytics Generation
2026-05-01 16:33:01,815 | INFO | ================================================================================
2026-05-01 16:33:01,815 | INFO | PIPELINE COMPLETED SUCCESSFULLY
2026-05-01 16:33:01,816 | INFO | ================================================================================
